2024-10-06 10:51:21 INFO  AccountRegistrationTest:59 -
			***************Launching application****************
2024-10-06 10:51:24 INFO  AccountRegistrationTest:14 -
			************** Starting Account Registration Test **************
2024-10-06 10:51:24 INFO  AccountRegistrationTest:20 -
			Clicking on MyAccount
2024-10-06 10:51:25 INFO  AccountRegistrationTest:23 -
			Clicked on Register link
2024-10-06 10:51:25 INFO  AccountRegistrationTest:28 -
			Providing customer information
2024-10-06 10:51:26 INFO  AccountRegistrationTest:40 -
			Validataing expected message
2024-10-06 10:51:26 INFO  AccountRegistrationTest:43 -
			Account Registeration Test Passed
2024-10-06 10:51:26 INFO  AccountRegistrationTest:47 -
			******** Finished Account Registration Testing *********
2024-10-06 10:51:27 INFO  LoginTest:59 -
			***************Launching application****************
2024-10-06 10:51:30 INFO  LoginTest:15 -
			***** Starting Login Test *****
2024-10-06 10:51:30 INFO  LoginTest:23 -
			***** Clicked on login link under myAccount *****
2024-10-06 10:51:30 INFO  LoginTest:27 -
			***** Adding credentials *****
2024-10-06 10:51:31 INFO  LoginTest:31 -
			***** Clicked on login button *****
2024-10-06 10:51:31 INFO  LoginTest:40 -
			***** Login Test Completed *****
2024-10-06 11:41:24 INFO  AccountRegistrationTest:59 -
			***************Launching application****************
2024-10-06 11:41:27 INFO  AccountRegistrationTest:14 -
			************** Starting Account Registration Test **************
2024-10-06 11:41:27 INFO  AccountRegistrationTest:20 -
			Clicking on MyAccount
2024-10-06 11:41:27 INFO  AccountRegistrationTest:23 -
			Clicked on Register link
2024-10-06 11:41:27 INFO  AccountRegistrationTest:28 -
			Providing customer information
2024-10-06 11:41:29 INFO  AccountRegistrationTest:40 -
			Validataing expected message
2024-10-06 11:41:29 INFO  AccountRegistrationTest:43 -
			Account Registeration Test Passed
2024-10-06 11:41:29 INFO  AccountRegistrationTest:47 -
			******** Finished Account Registration Testing *********
2024-10-06 11:41:30 INFO  LoginTest:59 -
			***************Launching application****************
2024-10-06 11:41:33 INFO  LoginTest:15 -
			***** Starting Login Test *****
2024-10-06 11:41:33 INFO  LoginTest:23 -
			***** Clicked on login link under myAccount *****
2024-10-06 11:41:33 INFO  LoginTest:27 -
			***** Adding credentials *****
2024-10-06 11:41:34 INFO  LoginTest:31 -
			***** Clicked on login button *****
2024-10-06 11:41:35 INFO  LoginTest:40 -
			***** Login Test Completed *****
2024-10-06 11:49:50 INFO  AccountRegistrationTest:59 -
			***************Launching application****************
2024-10-06 11:49:52 INFO  AccountRegistrationTest:14 -
			************** Starting Account Registration Test **************
2024-10-06 11:49:52 INFO  AccountRegistrationTest:20 -
			Clicking on MyAccount
2024-10-06 11:49:53 INFO  AccountRegistrationTest:23 -
			Clicked on Register link
2024-10-06 11:49:53 INFO  AccountRegistrationTest:28 -
			Providing customer information
2024-10-06 11:49:55 INFO  AccountRegistrationTest:40 -
			Validataing expected message
2024-10-06 11:49:55 INFO  AccountRegistrationTest:43 -
			Account Registeration Test Passed
2024-10-06 11:49:55 INFO  AccountRegistrationTest:47 -
			******** Finished Account Registration Testing *********
2024-10-06 11:49:56 INFO  LoginTest:59 -
			***************Launching application****************
2024-10-06 11:49:59 INFO  LoginTest:15 -
			***** Starting Login Test *****
2024-10-06 11:49:59 INFO  LoginTest:23 -
			***** Clicked on login link under myAccount *****
2024-10-06 11:49:59 INFO  LoginTest:27 -
			***** Adding credentials *****
2024-10-06 11:50:00 INFO  LoginTest:31 -
			***** Clicked on login button *****
2024-10-06 11:50:00 INFO  LoginTest:40 -
			***** Login Test Completed *****
2024-10-06 11:51:07 INFO  AccountRegistrationTest:59 -
			***************Launching application****************
2024-10-06 11:51:10 INFO  AccountRegistrationTest:14 -
			************** Starting Account Registration Test **************
2024-10-06 11:51:10 INFO  AccountRegistrationTest:20 -
			Clicking on MyAccount
2024-10-06 11:51:10 INFO  AccountRegistrationTest:23 -
			Clicked on Register link
2024-10-06 11:51:10 INFO  AccountRegistrationTest:28 -
			Providing customer information
2024-10-06 11:51:12 INFO  AccountRegistrationTest:40 -
			Validataing expected message
2024-10-06 11:51:12 INFO  AccountRegistrationTest:43 -
			Account Registeration Test Passed
2024-10-06 11:51:12 INFO  AccountRegistrationTest:47 -
			******** Finished Account Registration Testing *********
2024-10-06 11:51:13 INFO  LoginTest:59 -
			***************Launching application****************
2024-10-06 11:51:16 INFO  LoginTest:15 -
			***** Starting Login Test *****
2024-10-06 11:51:16 INFO  LoginTest:23 -
			***** Clicked on login link under myAccount *****
2024-10-06 11:51:16 INFO  LoginTest:27 -
			***** Adding credentials *****
2024-10-06 11:51:17 INFO  LoginTest:31 -
			***** Clicked on login button *****
2024-10-06 11:51:17 INFO  LoginTest:40 -
			***** Login Test Completed *****
